<?xml version="1.0" encoding="UTF-8"?>
<!-- Generated by org.testng.reporters.JUnitReportReporter -->
<testsuite hostname="104.193.171.84.public.monkeybrains.net" name="wikiatests.LoginTest" tests="1" failures="0" timestamp="22 Jul 2015 20:31:40 GMT" time="33.919" errors="0">
  <testcase name="Test1" time="33.919" classname="wikiatests.LoginTest"/>
</testsuite> <!-- wikiatests.LoginTest -->
