<?xml version="1.0" encoding="UTF-8"?>
<!-- Generated by org.testng.reporters.JUnitReportReporter -->
<testsuite hostname="104.193.171.84.public.monkeybrains.net" name="wikiatests.VideoUploadTest" tests="1" failures="0" timestamp="22 Jul 2015 19:36:38 GMT" time="14.441" errors="1">
  <testcase name="Test2" time="14.441" classname="wikiatests.VideoUploadTest">
    <error type="java.lang.AssertionError" message="Could not find the input#wpWikiaVideoAddUrl">
      <![CDATA[java.lang.AssertionError: Could not find the input#wpWikiaVideoAddUrl
	at org.testng.Assert.fail(Assert.java:94)
	at wikiatests.BaseClass.findElement(BaseClass.java:61)
	at wikiatests.BaseClass.findAndClick(BaseClass.java:71)
	at wikiatests.VideoUploadTest.Test2(VideoUploadTest.java:42)
	at sun.reflect.NativeMethodAccessorImpl.invoke0(Native Method)
	at sun.reflect.NativeMethodAccessorImpl.invoke(NativeMethodAccessorImpl.java:62)
	at sun.reflect.DelegatingMethodAccessorImpl.invoke(DelegatingMethodAccessorImpl.java:43)
	at java.lang.reflect.Method.invoke(Method.java:497)
	at org.testng.internal.MethodInvocationHelper.invokeMethod(MethodInvocationHelper.java:84)
	at org.testng.internal.Invoker.invokeMethod(Invoker.java:714)
	at org.testng.internal.Invoker.invokeTestMethod(Invoker.java:901)
	at org.testng.internal.Invoker.invokeTestMethods(Invoker.java:1231)
	at org.testng.internal.TestMethodWorker.invokeTestMethods(TestMethodWorker.java:127)
	at org.testng.internal.TestMethodWorker.run(TestMethodWorker.java:111)
	at org.testng.TestRunner.privateRun(TestRunner.java:767)
	at org.testng.TestRunner.run(TestRunner.java:617)
	at org.testng.SuiteRunner.runTest(SuiteRunner.java:334)
	at org.testng.SuiteRunner.runSequentially(SuiteRunner.java:329)
	at org.testng.SuiteRunner.privateRun(SuiteRunner.java:291)
	at org.testng.SuiteRunner.run(SuiteRunner.java:240)
	at org.testng.SuiteRunnerWorker.runSuite(SuiteRunnerWorker.java:52)
	at org.testng.SuiteRunnerWorker.run(SuiteRunnerWorker.java:86)
	at org.testng.TestNG.runSuitesSequentially(TestNG.java:1224)
	at org.testng.TestNG.runSuitesLocally(TestNG.java:1149)
	at org.testng.TestNG.run(TestNG.java:1057)
	at wikiatests.WriteXMLFile.setAndRunTestNG(WriteXMLFile.java:33)
	at wikiatests.WikiaMain.main(WikiaMain.java:30)
]]>
    </error>
  </testcase> <!-- Test2 -->
</testsuite> <!-- wikiatests.VideoUploadTest -->
